Traceback (most recent call last):
  File "/home/george/drought-311-venv/lib64/python3.11/site-packages/jupyter_cache/executors/utils.py", line 58, in single_nb_execution
    executenb(
  File "/home/george/drought-311-venv/lib64/python3.11/site-packages/nbclient/client.py", line 1314, in execute
    return NotebookClient(nb=nb, resources=resources, km=km, **kwargs).execute()
           ^^^^^^^^^^^^^^^^^^^^^^^^^^^^^^^^^^^^^^^^^^^^^^^^^^^^^^^^^^^^^^^^^^^^^
  File "/home/george/drought-311-venv/lib64/python3.11/site-packages/jupyter_core/utils/__init__.py", line 165, in wrapped
    return loop.run_until_complete(inner)
           ^^^^^^^^^^^^^^^^^^^^^^^^^^^^^^
  File "/usr/lib64/python3.11/asyncio/base_events.py", line 654, in run_until_complete
    return future.result()
           ^^^^^^^^^^^^^^^
  File "/home/george/drought-311-venv/lib64/python3.11/site-packages/nbclient/client.py", line 709, in async_execute
    await self.async_execute_cell(
  File "/home/george/drought-311-venv/lib64/python3.11/site-packages/nbclient/client.py", line 1062, in async_execute_cell
    await self._check_raise_for_error(cell, cell_index, exec_reply)
  File "/home/george/drought-311-venv/lib64/python3.11/site-packages/nbclient/client.py", line 918, in _check_raise_for_error
    raise CellExecutionError.from_cell_and_msg(cell, exec_reply_content)
nbclient.exceptions.CellExecutionError: An error occurred while executing the following cell:
------------------
dataset = "insitu-gridded-observations-global-and-regional"
request = {
    'origin': 'chirps',
    'region': 'africa',
    'variable': ['precipitation'],
    'time_aggregation': 'daily',
    'horizontal_aggregation': ['0_25_x_0_25'],
    'year': ['2019', '2020', '2021'],
    'version': ['v2_0']
}

client = cdsapi.Client()
client.retrieve(dataset, request).download()
------------------


[0;31m---------------------------------------------------------------------------[0m
[0;31mException[0m                                 Traceback (most recent call last)
Cell [0;32mIn[16], line 12[0m
[1;32m      1[0m dataset [38;5;241m=[39m [38;5;124m"[39m[38;5;124minsitu-gridded-observations-global-and-regional[39m[38;5;124m"[39m
[1;32m      2[0m request [38;5;241m=[39m {
[1;32m      3[0m     [38;5;124m'[39m[38;5;124morigin[39m[38;5;124m'[39m: [38;5;124m'[39m[38;5;124mchirps[39m[38;5;124m'[39m,
[1;32m      4[0m     [38;5;124m'[39m[38;5;124mregion[39m[38;5;124m'[39m: [38;5;124m'[39m[38;5;124mafrica[39m[38;5;124m'[39m,
[0;32m   (...)[0m
[1;32m      9[0m     [38;5;124m'[39m[38;5;124mversion[39m[38;5;124m'[39m: [[38;5;124m'[39m[38;5;124mv2_0[39m[38;5;124m'[39m]
[1;32m     10[0m }
[0;32m---> 12[0m client [38;5;241m=[39m [43mcdsapi[49m[38;5;241;43m.[39;49m[43mClient[49m[43m([49m[43m)[49m
[1;32m     13[0m client[38;5;241m.[39mretrieve(dataset, request)[38;5;241m.[39mdownload()

File [0;32m~/drought-311-venv/lib64/python3.11/site-packages/cdsapi/api.py:281[0m, in [0;36mClient.__new__[0;34m(cls, url, key, *args, **kwargs)[0m
[1;32m    280[0m [38;5;28;01mdef[39;00m [38;5;21m__new__[39m([38;5;28mcls[39m, url[38;5;241m=[39m[38;5;28;01mNone[39;00m, key[38;5;241m=[39m[38;5;28;01mNone[39;00m, [38;5;241m*[39margs, [38;5;241m*[39m[38;5;241m*[39mkwargs):
[0;32m--> 281[0m     _, token, _ [38;5;241m=[39m [43mget_url_key_verify[49m[43m([49m[43murl[49m[43m,[49m[43m [49m[43mkey[49m[43m,[49m[43m [49m[38;5;28;43;01mNone[39;49;00m[43m)[49m
[1;32m    282[0m     [38;5;28;01mif[39;00m [38;5;124m"[39m[38;5;124m:[39m[38;5;124m"[39m [38;5;129;01min[39;00m token:
[1;32m    283[0m         [38;5;28;01mreturn[39;00m [38;5;28msuper[39m()[38;5;241m.[39m[38;5;21m__new__[39m([38;5;28mcls[39m)

File [0;32m~/drought-311-venv/lib64/python3.11/site-packages/cdsapi/api.py:69[0m, in [0;36mget_url_key_verify[0;34m(url, key, verify)[0m
[1;32m     66[0m             verify [38;5;241m=[39m [38;5;28mbool[39m([38;5;28mint[39m(config[38;5;241m.[39mget([38;5;124m"[39m[38;5;124mverify[39m[38;5;124m"[39m, [38;5;241m1[39m)))
[1;32m     68[0m [38;5;28;01mif[39;00m url [38;5;129;01mis[39;00m [38;5;28;01mNone[39;00m [38;5;129;01mor[39;00m key [38;5;129;01mis[39;00m [38;5;28;01mNone[39;00m [38;5;129;01mor[39;00m key [38;5;129;01mis[39;00m [38;5;28;01mNone[39;00m:
[0;32m---> 69[0m     [38;5;28;01mraise[39;00m [38;5;167;01mException[39;00m([38;5;124m"[39m[38;5;124mMissing/incomplete configuration file: [39m[38;5;132;01m%s[39;00m[38;5;124m"[39m [38;5;241m%[39m (dotrc))
[1;32m     71[0m [38;5;66;03m# If verify is still None, then we set to default value of True[39;00m
[1;32m     72[0m [38;5;28;01mif[39;00m verify [38;5;129;01mis[39;00m [38;5;28;01mNone[39;00m:

[0;31mException[0m: Missing/incomplete configuration file: /home/george/.cdsapirc

